<?xml version="1.0" encoding="UTF-8"?>
<!-- Generated by org.testng.reporters.JUnitReportReporter -->
<testsuite skipped="0" hostname="DESKTOP-EE2U3D7" name="Tests.ScreenshotTest" tests="1" failures="0" timestamp="2020-06-26T17:29:21 IST" time="0.438" errors="0">
  <testcase name="TakeScreenShot" time="0.438" classname="Tests.ScreenshotTest"/>
  <system-out/>
</testsuite> <!-- Tests.ScreenshotTest -->
